2025-12-11T13:59:50.268497+05:00 User login[752]: pam_unix(login:session): session opened for user user1(uid=1000) by user1(uid=0)
2025-12-11T13:59:50.338545+05:00 User (systemd): pam_unix(systemd-user:session): session opened for user user1(uid=1000) by user1(uid=0)
2025-12-11T14:01:46.615487+05:00 User sudo: pam_unix(sudo:session): session opened for user root(uid=0) by (uid=1000)
2025-12-11T14:02:09.293511+05:00 User sudo: pam_unix(sudo:session): session opened for user root(uid=0) by (uid=1000)
2025-12-11T14:11:05.052436+05:00 User sudo: pam_unix(sudo:session): session opened for user root(uid=0) by (uid=1000)
2025-12-11T14:13:42.318489+05:00 User sudo: pam_unix(sudo:session): session opened for user root(uid=0) by (uid=1000)
2025-12-11T14:14:31.637639+05:00 User sudo: pam_unix(sudo:session): session opened for user root(uid=0) by (uid=1000)
2025-12-11T14:14:34.974726+05:00 User sudo: pam_unix(sudo:session): session opened for user root(uid=0) by (uid=1000)
2025-12-11T14:14:35.667279+05:00 User sudo: pam_unix(sudo:session): session opened for user root(uid=0) by (uid=1000)
2025-12-11T14:15:56.523823+05:00 User sudo: pam_unix(sudo:session): session opened for user root(uid=0) by (uid=1000)
2025-12-11T14:15:56.717147+05:00 User sudo: pam_unix(sudo:session): session opened for user root(uid=0) by (uid=1000)
2025-12-11T14:17:01.108949+05:00 User CRON[9120]: pam_unix(cron:session): session opened for user root(uid=0) by root(uid=0)
2025-12-11T14:29:36.180586+05:00 User sudo: pam_unix(sudo:session): session opened for user root(uid=0) by (uid=1000)
2025-12-11T14:31:08.622035+05:00 User sudo: pam_unix(sudo:session): session opened for user root(uid=0) by (uid=1000)
2025-12-11T14:32:23.993622+05:00 User sudo: pam_unix(sudo:session): session opened for user root(uid=0) by (uid=1000)
2025-12-11T14:32:26.430814+05:00 User sudo: pam_unix(sudo:session): session opened for user root(uid=0) by (uid=1000)
2025-12-11T14:33:03.255177+05:00 User sudo: pam_unix(sudo:session): session opened for user root(uid=0) by (uid=1000)
2025-12-11T14:35:21.169036+05:00 User sudo: pam_unix(sudo:session): session opened for user root(uid=0) by (uid=1000)
2025-12-11T14:36:06.497719+05:00 User sudo: pam_unix(sudo:session): session opened for user root(uid=0) by (uid=1000)
2025-12-11T15:17:01.228776+05:00 User CRON[32426]: pam_unix(cron:session): session opened for user root(uid=0) by root(uid=0)
2025-12-13T13:46:44.382264+05:00 User login[784]: pam_unix(login:session): session opened for user user1(uid=1000) by user1(uid=0)
2025-12-13T13:46:44.445964+05:00 User (systemd): pam_unix(systemd-user:session): session opened for user user1(uid=1000) by user1(uid=0)
2025-12-13T13:47:10.865823+05:00 User sudo: pam_unix(sudo:session): session opened for user root(uid=0) by (uid=1000)
2025-12-13T14:47:59.265202+05:00 User login[734]: pam_unix(login:session): session opened for user user1(uid=1000) by user1(uid=0)
2025-12-13T14:47:59.339446+05:00 User (systemd): pam_unix(systemd-user:session): session opened for user user1(uid=1000) by user1(uid=0)
2025-12-13T14:48:45.633454+05:00 User sudo: pam_unix(sudo:session): session opened for user root(uid=0) by (uid=1000)
2025-12-13T14:49:05.529618+05:00 User sudo: pam_unix(sudo:session): session opened for user root(uid=0) by (uid=1000)
2025-12-13T14:53:45.242790+05:00 User sudo: pam_unix(sudo:session): session opened for user root(uid=0) by (uid=1000)
2025-12-13T15:17:01.248239+05:00 User CRON[3887]: pam_unix(cron:session): session opened for user root(uid=0) by root(uid=0)
2025-12-16T08:58:09.486606+05:00 User login[1035]: pam_unix(login:session): session opened for user user1(uid=1000) by user1(uid=0)
2025-12-16T08:58:09.546974+05:00 User (systemd): pam_unix(systemd-user:session): session opened for user user1(uid=1000) by user1(uid=0)
2025-12-16T08:58:17.684577+05:00 User gdm-launch-environment]: pam_unix(gdm-launch-environment:session): session opened for user gdm(uid=121) by (uid=0)
2025-12-16T08:58:17.738670+05:00 User (systemd): pam_unix(systemd-user:session): session opened for user gdm(uid=121) by gdm(uid=0)
2025-12-16T08:58:22.798086+05:00 User gdm-launch-environment]: pam_unix(gdm-launch-environment:session): session opened for user gdm(uid=121) by (uid=0)
2025-12-16T08:58:27.660928+05:00 User gdm-launch-environment]: pam_unix(gdm-launch-environment:session): session opened for user gdm(uid=121) by (uid=0)
2025-12-16T08:58:33.467144+05:00 User gdm-launch-environment]: pam_unix(gdm-launch-environment:session): session opened for user gdm(uid=121) by (uid=0)
2025-12-16T08:58:39.240172+05:00 User gdm-launch-environment]: pam_unix(gdm-launch-environment:session): session opened for user gdm(uid=121) by (uid=0)
2025-12-16T08:58:44.398864+05:00 User gdm-launch-environment]: pam_unix(gdm-launch-environment:session): session opened for user gdm(uid=121) by (uid=0)
2025-12-16T08:58:49.369489+05:00 User gdm-launch-environment]: pam_unix(gdm-launch-environment:session): session opened for user gdm(uid=121) by (uid=0)
2025-12-16T08:58:52.198267+05:00 User sudo: pam_unix(sudo:session): session opened for user root(uid=0) by (uid=1000)
2025-12-16T08:58:54.422356+05:00 User gdm-launch-environment]: pam_unix(gdm-launch-environment:session): session opened for user gdm(uid=121) by (uid=0)
2025-12-16T08:58:59.577922+05:00 User gdm-launch-environment]: pam_unix(gdm-launch-environment:session): session opened for user gdm(uid=121) by (uid=0)
2025-12-16T08:59:05.571519+05:00 User gdm-launch-environment]: pam_unix(gdm-launch-environment:session): session opened for user gdm(uid=121) by (uid=0)
2025-12-16T09:00:27.362363+05:00 User su: pam_unix(su:auth): authentication failure; logname= uid=1000 euid=0 tty=/dev/pts/0 ruser=user1 rhost=  user=socuser
2025-12-16T09:00:37.058593+05:00 User su: pam_unix(su:auth): authentication failure; logname= uid=1000 euid=0 tty=/dev/pts/0 ruser=user1 rhost=  user=socuser
2025-12-16T09:00:43.703993+05:00 User su: pam_unix(su:auth): authentication failure; logname= uid=1000 euid=0 tty=/dev/pts/0 ruser=user1 rhost=  user=socuser
2025-12-16T09:00:50.548724+05:00 User su: pam_unix(su:auth): authentication failure; logname= uid=1000 euid=0 tty=/dev/pts/0 ruser=user1 rhost=  user=socuser
2025-12-16T09:01:13.004192+05:00 User su[1881]: pam_unix(su:session): session opened for user socuser(uid=1001) by (uid=1000)
2025-12-16T09:01:13.070406+05:00 User (systemd): pam_unix(systemd-user:session): session opened for user socuser(uid=1001) by socuser(uid=0)
2025-12-16T09:02:02.769854+05:00 User sudo: pam_unix(sudo:auth): authentication failure; logname= uid=1001 euid=0 tty=/dev/pts/0 ruser=socuser rhost=  user=socuser
2025-12-16T09:02:19.869160+05:00 User su[1949]: pam_unix(su:session): session opened for user user1(uid=1000) by (uid=1001)
2025-12-16T09:02:44.931262+05:00 User sudo: pam_unix(sudo:session): session opened for user root(uid=0) by (uid=1000)
2025-12-16T09:03:02.314267+05:00 User sudo: pam_unix(sudo:session): session opened for user root(uid=0) by (uid=1000)
2025-12-16T09:03:36.955197+05:00 User sudo: pam_unix(sudo:session): session opened for user root(uid=0) by (uid=1000)
